 
   * Step 0 : Verification of the binary 
 
   * Step 1 : Jump to bootloader 
      -------------------------------------------------------------------
                       STM32CubeProgrammer v2.15.0                  
      -------------------------------------------------------------------

ST-LINK SN  : 0035002C3232511739353236
ST-LINK FW  : V3J13M4
Board       : STM32H573I-DK
Voltage     : 3.28V
SWD freq    : 8000 KHz
Connect mode: Hot Plug
Reset mode  : Software reset
Device ID   : 0x484
Revision ID : --
Device name : STM32H5xx
Flash size  : 2 MBytes (default)
Device type : MCU
Device CPU  : Cortex-M33
BL Version  : 0xE4
SFSP Version: v2.5.0
Debug in Low Power mode enabled

[H5] Write DBG MCU command: 
   Address: 0xE00E4100
   Value  : 0x5354424C
Write DBGMCU_DBG_AUTH_HOST finished successfully !

Hard reset is performed
 
   * Step 2 : Download non-secure application in download area 
      -------------------------------------------------------------------
                       STM32CubeProgrammer v2.15.0                  
      -------------------------------------------------------------------

ST-LINK SN  : 0035002C3232511739353236
ST-LINK FW  : V3J13M4
Board       : STM32H573I-DK
Voltage     : 3.28V
SWD freq    : 8000 KHz
Connect mode: Hot Plug
Reset mode  : Software reset
Device ID   : 0x484
Revision ID : --
Device name : STM32H5xx
Flash size  : 2 MBytes
Device type : MCU
Device CPU  : Cortex-M33
BL Version  : 0xE4
SFSP Version: v2.5.0
Debug in Low Power mode enabled

The used filling data size is 8 bits.
Filling memory operation:
  Start address           : 0x08100000
  Size(Bytes)             : 0x00092000
  Data value              : 0x000000FF
  Filling data size(Bytes): 8 bits


Erasing internal memory sectors [128 200]
±±±±±±±±±±±±±±±±±±±±±±±±±±±±±±±±±±±±±±±±±±±±±±±±±± 0%€  2%€  4%€  6%€  8%€ 10%€ 12%€ 14%€ 16%€ 18%€ 20%€ 22%€ 24%€ 26%€ 28%€ 30%€ 32%€ 34%€ 36%€ 38%€ 40%€ 42%€ 44%€ 46%€ 48%€ 50%€ 52%€ 54%€ 56%€ 58%€ 60%€ 62%€ 64%€ 66%€ 68%€ 70%€ 72%€ 74%€ 76%€ 78%€ 80%€ 82%€ 84%€ 86%€ 88%€ 90%€ 92%€ 94%€ 96%€ 98%€ 100%

The filling memory operation achieved successfully

      -------------------------------------------------------------------
                       STM32CubeProgrammer v2.15.0                  
      -------------------------------------------------------------------

ST-LINK SN  : 0035002C3232511739353236
ST-LINK FW  : V3J13M4
Board       : STM32H573I-DK
Voltage     : 3.28V
SWD freq    : 8000 KHz
Connect mode: Hot Plug
Reset mode  : Software reset
Device ID   : 0x484
Revision ID : --
Device name : STM32H5xx
Flash size  : 2 MBytes
Device type : MCU
Device CPU  : Cortex-M33
BL Version  : 0xE4
SFSP Version: v2.5.0
Debug in Low Power mode enabled



Memory Programming ...
Opening and parsing file: appli_enc_sign.hex
  File          : appli_enc_sign.hex
  Size          : 404.57 KB 
  Address       : 0x08100000 


Erasing memory corresponding to segment 0:
Erasing internal memory sectors [128 178]
Erasing memory corresponding to segment 1:
Erasing internal memory sector 200
Download in Progress:
±±±±±±±±±±±±±±±±±±±±±±±±±±±±±±±±±±±±±±±±±±±±±±±±±± 0%€  2%€  4%€  6%€  8%€ 10%€ 12%€ 14%€ 16%€ 18%€ 20%€ 22%€ 24%€ 26%€ 28%€ 30%€ 32%€ 34%€ 36%€ 38%€ 40%€ 42%€ 44%€ 46%€ 48%€ 50%€ 52%€ 54%€ 56%€ 58%€ 60%€ 62%€ 64%€ 66%€ 68%€ 70%€ 72%€ 74%€ 76%€ 78%€ 80%€ 82%€ 84%€ 86%€ 88%€ 90%€ 92%€ 94%€ 96%€ 98%€ 100%

File download complete
Time elapsed during download operation: 00:00:03.889



Verifying ...


Read progress:
±±±±±±±±±±±±±±±±±±±±±±±±±±±±±±±±±±±±±±±±±±±±±±±±±± 50%€€€€€€€€€€€€€€€€€€€€€€€€€€€€€€€€€€€€€€€€€€€€€€€€€€ 100%

Download verified successfully 


 
   * Step 3 : Reset to swap download area and active area 
      -------------------------------------------------------------------
                       STM32CubeProgrammer v2.15.0                  
      -------------------------------------------------------------------

ST-LINK SN  : 0035002C3232511739353236
ST-LINK FW  : V3J13M4
Board       : STM32H573I-DK
Voltage     : 3.28V
SWD freq    : 8000 KHz
Connect mode: Hot Plug
Reset mode  : Software reset
Device ID   : 0x484
Revision ID : --
Device name : STM32H5xx
Flash size  : 2 MBytes
Device type : MCU
Device CPU  : Cortex-M33
BL Version  : 0xE4
SFSP Version: v2.5.0
Debug in Low Power mode enabled

[H5] Write DBG MCU command: 
   Address: 0xE00E4100
   Value  : 0x0
Write DBGMCU_DBG_AUTH_HOST finished successfully !

Hard reset is performed
