Generated by sh
py -t C:/Users/89336/STM32CubeIDE/workspace_1.13.1/STM32CubeExpansion_Cloud_AWS_H5_V1.0.0/Projects/STM32H573I-DK/ROT_Provisioning/../../../Utilities/PC_Software/ROT_AppliConfig//AppliCfg.py xmlval -xml C:/Users/89336/STM32CubeIDE/workspace_1.13.1/STM32CubeExpansion_Cloud_AWS_H5_V1.0.0/Projects/STM32H573I-DK/ROT_Provisioning/SM/Config/SM_Config_General.xml -nxml NS appli size -n Firmware area Size -e val1*0x2000 C:/Users/89336/STM32CubeIDE/workspace_1.13.1/STM32CubeExpansion_Cloud_AWS_H5_V1.0.0/Projects/STM32H573I-DK/ROT_Provisioning/SM/Images/SM_Code_Image.xml --vb
Thu Mar 28 20:42:29 2024 : [INF] ############## Executing xmlval command ##############
Thu Mar 28 20:42:29 2024 : [INF] C:/Users/89336/STM32CubeIDE/workspace_1.13.1/STM32CubeExpansion_Cloud_AWS_H5_V1.0.0/Projects/STM32H573I-DK/ROT_Provisioning/../../../Utilities/PC_Software/ROT_AppliConfig//AppliCfg.py xmlval -xml C:/Users/89336/STM32CubeIDE/workspace_1.13.1/STM32CubeExpansion_Cloud_AWS_H5_V1.0.0/Projects/STM32H573I-DK/ROT_Provisioning/SM/Config/SM_Config_General.xml -nxml NS appli size -n Firmware area Size -e val1*0x2000 C:/Users/89336/STM32CubeIDE/workspace_1.13.1/STM32CubeExpansion_Cloud_AWS_H5_V1.0.0/Projects/STM32H573I-DK/ROT_Provisioning/SM/Images/SM_Code_Image.xml --vb
Thu Mar 28 20:42:29 2024 : [INF] Opening the 'C:/Users/89336/STM32CubeIDE/workspace_1.13.1/STM32CubeExpansion_Cloud_AWS_H5_V1.0.0/Projects/STM32H573I-DK/ROT_Provisioning/SM/Config/SM_Config_General.xml' file
Thu Mar 28 20:42:29 2024 : [INF] Searching the parameter with <Name>NS appli size</Name>
Thu Mar 28 20:42:29 2024 : [INF] Parameter found. Extracting information from '<Value>0x49</Value>'
Thu Mar 28 20:42:29 2024 : [INF] The content recovered is '0x49'
Thu Mar 28 20:42:29 2024 : [INF] Expression to be computed 'val1*0x2000' 
Thu Mar 28 20:42:29 2024 : [INF] Expression patterns were replaced to '0x49*0x2000' 
Thu Mar 28 20:42:29 2024 : [INF] Value to be used 0x92000
Thu Mar 28 20:42:29 2024 : [INF] Opening the 'C:/Users/89336/STM32CubeIDE/workspace_1.13.1/STM32CubeExpansion_Cloud_AWS_H5_V1.0.0/Projects/STM32H573I-DK/ROT_Provisioning/SM/Images/SM_Code_Image.xml' file
Thu Mar 28 20:42:29 2024 : [INF] Searching the parameter with <Name>Firmware area Size</Name> element
Thu Mar 28 20:42:29 2024 : [INF] Parameter found. Verifying information of '<Value>0x92000</Value>'
Thu Mar 28 20:42:29 2024 : [INF] The modification is not necessary
Thu Mar 28 20:42:29 2024 : [INF] The tag <Value> has already the correct content (0x92000)
Thu Mar 28 20:42:29 2024 : [INF] ############## Executing xmlval command ##############
Thu Mar 28 20:42:29 2024 : [INF] C:/Users/89336/STM32CubeIDE/workspace_1.13.1/STM32CubeExpansion_Cloud_AWS_H5_V1.0.0/Projects/STM32H573I-DK/ROT_Provisioning/../../../Utilities/PC_Software/ROT_AppliConfig//AppliCfg.py xmlval -xml C:/Users/89336/STM32CubeIDE/workspace_1.13.1/STM32CubeExpansion_Cloud_AWS_H5_V1.0.0/Projects/STM32H573I-DK/ROT_Provisioning/SM/Config/SM_Config_General.xml -nxml NS appli primary offset -n Rom fixed -e (val1*0x2000)+0x8000000 C:/Users/89336/STM32CubeIDE/workspace_1.13.1/STM32CubeExpansion_Cloud_AWS_H5_V1.0.0/Projects/STM32H573I-DK/ROT_Provisioning/SM/Images/SM_Code_Image.xml --vb
Thu Mar 28 20:42:29 2024 : [INF] Opening the 'C:/Users/89336/STM32CubeIDE/workspace_1.13.1/STM32CubeExpansion_Cloud_AWS_H5_V1.0.0/Projects/STM32H573I-DK/ROT_Provisioning/SM/Config/SM_Config_General.xml' file
Thu Mar 28 20:42:29 2024 : [INF] Searching the parameter with <Name>NS appli primary offset</Name>
Thu Mar 28 20:42:29 2024 : [INF] Parameter found. Extracting information from '<Value>0x37</Value>'
Thu Mar 28 20:42:29 2024 : [INF] The content recovered is '0x37'
Thu Mar 28 20:42:29 2024 : [INF] Expression to be computed '(val1*0x2000)+0x8000000' 
Thu Mar 28 20:42:29 2024 : [INF] Expression patterns were replaced to '(0x37*0x2000)+0x8000000' 
Thu Mar 28 20:42:29 2024 : [INF] Value to be used 0x806E000
Thu Mar 28 20:42:29 2024 : [INF] Opening the 'C:/Users/89336/STM32CubeIDE/workspace_1.13.1/STM32CubeExpansion_Cloud_AWS_H5_V1.0.0/Projects/STM32H573I-DK/ROT_Provisioning/SM/Images/SM_Code_Image.xml' file
Thu Mar 28 20:42:29 2024 : [INF] Searching the parameter with <Name>Rom fixed</Name> element
Thu Mar 28 20:42:29 2024 : [INF] Parameter found. Verifying information of '<Value>0x806E000</Value>'
Thu Mar 28 20:42:29 2024 : [INF] The modification is not necessary
Thu Mar 28 20:42:29 2024 : [INF] The tag <Value> has already the correct content (0x806E000)
Thu Mar 28 20:42:29 2024 : [INF] ############## Executing xmlval command ##############
Thu Mar 28 20:42:29 2024 : [INF] C:/Users/89336/STM32CubeIDE/workspace_1.13.1/STM32CubeExpansion_Cloud_AWS_H5_V1.0.0/Projects/STM32H573I-DK/ROT_Provisioning/../../../Utilities/PC_Software/ROT_AppliConfig//AppliCfg.py xmlval -xml C:/Users/89336/STM32CubeIDE/workspace_1.13.1/STM32CubeExpansion_Cloud_AWS_H5_V1.0.0/Projects/STM32H573I-DK/ROT_Provisioning/SM/Config/SM_Config_General.xml -nxml NS appli secondary offset -n Firmware download area offset -e (val1*0x2000)+0x8000000 C:/Users/89336/STM32CubeIDE/workspace_1.13.1/STM32CubeExpansion_Cloud_AWS_H5_V1.0.0/Projects/STM32H573I-DK/ROT_Provisioning/SM/Images/SM_Code_Image.xml --vb
Thu Mar 28 20:42:29 2024 : [INF] Opening the 'C:/Users/89336/STM32CubeIDE/workspace_1.13.1/STM32CubeExpansion_Cloud_AWS_H5_V1.0.0/Projects/STM32H573I-DK/ROT_Provisioning/SM/Config/SM_Config_General.xml' file
Thu Mar 28 20:42:29 2024 : [INF] Searching the parameter with <Name>NS appli secondary offset</Name>
Thu Mar 28 20:42:29 2024 : [INF] Parameter found. Extracting information from '<Value>0x80</Value>'
Thu Mar 28 20:42:29 2024 : [INF] The content recovered is '0x80'
Thu Mar 28 20:42:29 2024 : [INF] Expression to be computed '(val1*0x2000)+0x8000000' 
Thu Mar 28 20:42:29 2024 : [INF] Expression patterns were replaced to '(0x80*0x2000)+0x8000000' 
Thu Mar 28 20:42:29 2024 : [INF] Value to be used 0x8100000
Thu Mar 28 20:42:29 2024 : [INF] Opening the 'C:/Users/89336/STM32CubeIDE/workspace_1.13.1/STM32CubeExpansion_Cloud_AWS_H5_V1.0.0/Projects/STM32H573I-DK/ROT_Provisioning/SM/Images/SM_Code_Image.xml' file
Thu Mar 28 20:42:29 2024 : [INF] Searching the parameter with <Name>Firmware download area offset</Name> element
Thu Mar 28 20:42:29 2024 : [INF] Parameter found. Verifying information of '<Value>0x8100000</Value>'
Thu Mar 28 20:42:29 2024 : [INF] The modification is not necessary
Thu Mar 28 20:42:29 2024 : [INF] The tag <Value> has already the correct content (0x8100000)
Thu Mar 28 20:42:30 2024 : [INF] ############## Executing xmlval command ##############
Thu Mar 28 20:42:30 2024 : [INF] C:/Users/89336/STM32CubeIDE/workspace_1.13.1/STM32CubeExpansion_Cloud_AWS_H5_V1.0.0/Projects/STM32H573I-DK/ROT_Provisioning/../../../Utilities/PC_Software/ROT_AppliConfig//AppliCfg.py xmlval -xml C:/Users/89336/STM32CubeIDE/workspace_1.13.1/STM32CubeExpansion_Cloud_AWS_H5_V1.0.0/Projects/STM32H573I-DK/ROT_Provisioning/SM/Config/SM_Config_General.xml -nxml NS appli size -n Firmware area Size -e val1*0x2000 C:/Users/89336/STM32CubeIDE/workspace_1.13.1/STM32CubeExpansion_Cloud_AWS_H5_V1.0.0/Projects/STM32H573I-DK/ROT_Provisioning/SM/Images/SM_Code_Image_bin.xml --vb
Thu Mar 28 20:42:30 2024 : [INF] Opening the 'C:/Users/89336/STM32CubeIDE/workspace_1.13.1/STM32CubeExpansion_Cloud_AWS_H5_V1.0.0/Projects/STM32H573I-DK/ROT_Provisioning/SM/Config/SM_Config_General.xml' file
Thu Mar 28 20:42:30 2024 : [INF] Searching the parameter with <Name>NS appli size</Name>
Thu Mar 28 20:42:30 2024 : [INF] Parameter found. Extracting information from '<Value>0x49</Value>'
Thu Mar 28 20:42:30 2024 : [INF] The content recovered is '0x49'
Thu Mar 28 20:42:30 2024 : [INF] Expression to be computed 'val1*0x2000' 
Thu Mar 28 20:42:30 2024 : [INF] Expression patterns were replaced to '0x49*0x2000' 
Thu Mar 28 20:42:30 2024 : [INF] Value to be used 0x92000
Thu Mar 28 20:42:30 2024 : [INF] Opening the 'C:/Users/89336/STM32CubeIDE/workspace_1.13.1/STM32CubeExpansion_Cloud_AWS_H5_V1.0.0/Projects/STM32H573I-DK/ROT_Provisioning/SM/Images/SM_Code_Image_bin.xml' file
Thu Mar 28 20:42:30 2024 : [INF] Searching the parameter with <Name>Firmware area Size</Name> element
Thu Mar 28 20:42:30 2024 : [INF] Parameter found. Verifying information of '<Value>0x92000</Value>'
Thu Mar 28 20:42:30 2024 : [INF] The modification is not necessary
Thu Mar 28 20:42:30 2024 : [INF] The tag <Value> has already the correct content (0x92000)
Thu Mar 28 20:42:30 2024 : [INF] ############## Executing xmlval command ##############
Thu Mar 28 20:42:30 2024 : [INF] C:/Users/89336/STM32CubeIDE/workspace_1.13.1/STM32CubeExpansion_Cloud_AWS_H5_V1.0.0/Projects/STM32H573I-DK/ROT_Provisioning/../../../Utilities/PC_Software/ROT_AppliConfig//AppliCfg.py xmlval -xml C:/Users/89336/STM32CubeIDE/workspace_1.13.1/STM32CubeExpansion_Cloud_AWS_H5_V1.0.0/Projects/STM32H573I-DK/ROT_Provisioning/SM/Config/SM_Config_General.xml -nxml NS appli primary offset -n Rom fixed -e (val1*0x2000)+0x8000000 C:/Users/89336/STM32CubeIDE/workspace_1.13.1/STM32CubeExpansion_Cloud_AWS_H5_V1.0.0/Projects/STM32H573I-DK/ROT_Provisioning/SM/Images/SM_Code_Image_bin.xml --vb
Thu Mar 28 20:42:30 2024 : [INF] Opening the 'C:/Users/89336/STM32CubeIDE/workspace_1.13.1/STM32CubeExpansion_Cloud_AWS_H5_V1.0.0/Projects/STM32H573I-DK/ROT_Provisioning/SM/Config/SM_Config_General.xml' file
Thu Mar 28 20:42:30 2024 : [INF] Searching the parameter with <Name>NS appli primary offset</Name>
Thu Mar 28 20:42:30 2024 : [INF] Parameter found. Extracting information from '<Value>0x37</Value>'
Thu Mar 28 20:42:30 2024 : [INF] The content recovered is '0x37'
Thu Mar 28 20:42:30 2024 : [INF] Expression to be computed '(val1*0x2000)+0x8000000' 
Thu Mar 28 20:42:30 2024 : [INF] Expression patterns were replaced to '(0x37*0x2000)+0x8000000' 
Thu Mar 28 20:42:30 2024 : [INF] Value to be used 0x806E000
Thu Mar 28 20:42:30 2024 : [INF] Opening the 'C:/Users/89336/STM32CubeIDE/workspace_1.13.1/STM32CubeExpansion_Cloud_AWS_H5_V1.0.0/Projects/STM32H573I-DK/ROT_Provisioning/SM/Images/SM_Code_Image_bin.xml' file
Thu Mar 28 20:42:30 2024 : [INF] Searching the parameter with <Name>Rom fixed</Name> element
Thu Mar 28 20:42:30 2024 : [INF] Parameter found. Verifying information of '<Value>0x806E000</Value>'
Thu Mar 28 20:42:30 2024 : [INF] The modification is not necessary
Thu Mar 28 20:42:30 2024 : [INF] The tag <Value> has already the correct content (0x806E000)
Thu Mar 28 20:42:30 2024 : [INF] ############## Executing linker command ##############
Thu Mar 28 20:42:30 2024 : [INF] C:/Users/89336/STM32CubeIDE/workspace_1.13.1/STM32CubeExpansion_Cloud_AWS_H5_V1.0.0/Projects/STM32H573I-DK/ROT_Provisioning/../../../Utilities/PC_Software/ROT_AppliConfig//AppliCfg.py linker -xml C:/Users/89336/STM32CubeIDE/workspace_1.13.1/STM32CubeExpansion_Cloud_AWS_H5_V1.0.0/Projects/STM32H573I-DK/ROT_Provisioning/SM/Config/SM_Config_General.xml -nxml NS appli size -n CODE_SIZE C:/Users/89336/STM32CubeIDE/workspace_1.13.1/STM32CubeExpansion_Cloud_AWS_H5_V1.0.0/Projects/STM32H573I-DK/aws_ri_tz/STM32CubeIDE/STM32H573IIKXQ_FLASH.ld --vb
Thu Mar 28 20:42:30 2024 : [INF] Opening the 'C:/Users/89336/STM32CubeIDE/workspace_1.13.1/STM32CubeExpansion_Cloud_AWS_H5_V1.0.0/Projects/STM32H573I-DK/ROT_Provisioning/SM/Config/SM_Config_General.xml' file
Thu Mar 28 20:42:30 2024 : [INF] Searching the parameter with <Name>NS appli size</Name>
Thu Mar 28 20:42:30 2024 : [INF] Parameter found. Extracting information from '<Value>0x49</Value>'
Thu Mar 28 20:42:30 2024 : [INF] The content recovered is '0x49'
Thu Mar 28 20:42:30 2024 : [INF] Value to be used 0x49
Thu Mar 28 20:42:30 2024 : [INF] File to update 'C:/Users/89336/STM32CubeIDE/workspace_1.13.1/STM32CubeExpansion_Cloud_AWS_H5_V1.0.0/Projects/STM32H573I-DK/aws_ri_tz/STM32CubeIDE/STM32H573IIKXQ_FLASH.ld'
Thu Mar 28 20:42:30 2024 : [INF] Linker variable "CODE_SIZE" will be updated with value "0x49"
Thu Mar 28 20:42:30 2024 : [INF] The modification is not necessary
Thu Mar 28 20:42:30 2024 : [INF] The variable has already the correct value (0x49)
Thu Mar 28 20:42:30 2024 : [INF] ############## Executing linker command ##############
Thu Mar 28 20:42:30 2024 : [INF] C:/Users/89336/STM32CubeIDE/workspace_1.13.1/STM32CubeExpansion_Cloud_AWS_H5_V1.0.0/Projects/STM32H573I-DK/ROT_Provisioning/../../../Utilities/PC_Software/ROT_AppliConfig//AppliCfg.py linker -xml C:/Users/89336/STM32CubeIDE/workspace_1.13.1/STM32CubeExpansion_Cloud_AWS_H5_V1.0.0/Projects/STM32H573I-DK/ROT_Provisioning/SM/Config/SM_Config_General.xml -nxml NS appli primary offset -n CODE_OFFSET C:/Users/89336/STM32CubeIDE/workspace_1.13.1/STM32CubeExpansion_Cloud_AWS_H5_V1.0.0/Projects/STM32H573I-DK/aws_ri_tz/STM32CubeIDE/STM32H573IIKXQ_FLASH.ld --vb
Thu Mar 28 20:42:30 2024 : [INF] Opening the 'C:/Users/89336/STM32CubeIDE/workspace_1.13.1/STM32CubeExpansion_Cloud_AWS_H5_V1.0.0/Projects/STM32H573I-DK/ROT_Provisioning/SM/Config/SM_Config_General.xml' file
Thu Mar 28 20:42:30 2024 : [INF] Searching the parameter with <Name>NS appli primary offset</Name>
Thu Mar 28 20:42:30 2024 : [INF] Parameter found. Extracting information from '<Value>0x37</Value>'
Thu Mar 28 20:42:30 2024 : [INF] The content recovered is '0x37'
Thu Mar 28 20:42:30 2024 : [INF] Value to be used 0x37
Thu Mar 28 20:42:30 2024 : [INF] File to update 'C:/Users/89336/STM32CubeIDE/workspace_1.13.1/STM32CubeExpansion_Cloud_AWS_H5_V1.0.0/Projects/STM32H573I-DK/aws_ri_tz/STM32CubeIDE/STM32H573IIKXQ_FLASH.ld'
Thu Mar 28 20:42:30 2024 : [INF] Linker variable "CODE_OFFSET" will be updated with value "0x37"
Thu Mar 28 20:42:30 2024 : [INF] The modification is not necessary
Thu Mar 28 20:42:30 2024 : [INF] The variable has already the correct value (0x37)
Thu Mar 28 20:42:30 2024 : [INF] ############## Executing linker command ##############
Thu Mar 28 20:42:30 2024 : [INF] C:/Users/89336/STM32CubeIDE/workspace_1.13.1/STM32CubeExpansion_Cloud_AWS_H5_V1.0.0/Projects/STM32H573I-DK/ROT_Provisioning/../../../Utilities/PC_Software/ROT_AppliConfig//AppliCfg.py linker -xml C:/Users/89336/STM32CubeIDE/workspace_1.13.1/STM32CubeExpansion_Cloud_AWS_H5_V1.0.0/Projects/STM32H573I-DK/ROT_Provisioning/SM/Config/SM_Config_General.xml -nxml SRAM Secure/NonSecure interface area size -n RAM_S_NS_IF_SIZE C:/Users/89336/STM32CubeIDE/workspace_1.13.1/STM32CubeExpansion_Cloud_AWS_H5_V1.0.0/Projects/STM32H573I-DK/aws_ri_tz/STM32CubeIDE/STM32H573IIKXQ_FLASH.ld --vb
Thu Mar 28 20:42:30 2024 : [INF] Opening the 'C:/Users/89336/STM32CubeIDE/workspace_1.13.1/STM32CubeExpansion_Cloud_AWS_H5_V1.0.0/Projects/STM32H573I-DK/ROT_Provisioning/SM/Config/SM_Config_General.xml' file
Thu Mar 28 20:42:30 2024 : [INF] Searching the parameter with <Name>SRAM Secure/NonSecure interface area size</Name>
Thu Mar 28 20:42:30 2024 : [INF] Parameter found. Extracting information from '<Value>0x10</Value>'
Thu Mar 28 20:42:30 2024 : [INF] The content recovered is '0x10'
Thu Mar 28 20:42:30 2024 : [INF] Value to be used 0x10
Thu Mar 28 20:42:30 2024 : [INF] File to update 'C:/Users/89336/STM32CubeIDE/workspace_1.13.1/STM32CubeExpansion_Cloud_AWS_H5_V1.0.0/Projects/STM32H573I-DK/aws_ri_tz/STM32CubeIDE/STM32H573IIKXQ_FLASH.ld'
Thu Mar 28 20:42:30 2024 : [INF] Linker variable "RAM_S_NS_IF_SIZE" will be updated with value "0x10"
Thu Mar 28 20:42:30 2024 : [INF] The modification is not necessary
Thu Mar 28 20:42:30 2024 : [INF] The variable has already the correct value (0x10)
Thu Mar 28 20:42:30 2024 : [INF] ############## Executing linker command ##############
Thu Mar 28 20:42:30 2024 : [INF] C:/Users/89336/STM32CubeIDE/workspace_1.13.1/STM32CubeExpansion_Cloud_AWS_H5_V1.0.0/Projects/STM32H573I-DK/ROT_Provisioning/../../../Utilities/PC_Software/ROT_AppliConfig//AppliCfg.py linker -xml C:/Users/89336/STM32CubeIDE/workspace_1.13.1/STM32CubeExpansion_Cloud_AWS_H5_V1.0.0/Projects/STM32H573I-DK/ROT_Provisioning/SM/Config/SM_Config_General.xml -nxml Secure SRAM End address -n RAM_S_END -e val1-0x10000000 C:/Users/89336/STM32CubeIDE/workspace_1.13.1/STM32CubeExpansion_Cloud_AWS_H5_V1.0.0/Projects/STM32H573I-DK/aws_ri_tz/STM32CubeIDE/STM32H573IIKXQ_FLASH.ld --vb
Thu Mar 28 20:42:30 2024 : [INF] Opening the 'C:/Users/89336/STM32CubeIDE/workspace_1.13.1/STM32CubeExpansion_Cloud_AWS_H5_V1.0.0/Projects/STM32H573I-DK/ROT_Provisioning/SM/Config/SM_Config_General.xml' file
Thu Mar 28 20:42:30 2024 : [INF] Searching the parameter with <Name>Secure SRAM End address</Name>
Thu Mar 28 20:42:30 2024 : [INF] Parameter found. Extracting information from '<Value>0x30068fff</Value>'
Thu Mar 28 20:42:30 2024 : [INF] The content recovered is '0x30068fff'
Thu Mar 28 20:42:30 2024 : [INF] Expression to be computed 'val1-0x10000000' 
Thu Mar 28 20:42:30 2024 : [INF] Expression patterns were replaced to '0x30068fff-0x10000000' 
Thu Mar 28 20:42:30 2024 : [INF] Value to be used 0x20068FFF
Thu Mar 28 20:42:30 2024 : [INF] File to update 'C:/Users/89336/STM32CubeIDE/workspace_1.13.1/STM32CubeExpansion_Cloud_AWS_H5_V1.0.0/Projects/STM32H573I-DK/aws_ri_tz/STM32CubeIDE/STM32H573IIKXQ_FLASH.ld'
Thu Mar 28 20:42:30 2024 : [INF] Linker variable "RAM_S_END" will be updated with value "0x20068FFF"
Thu Mar 28 20:42:30 2024 : [INF] The modification is not necessary
Thu Mar 28 20:42:30 2024 : [INF] The variable has already the correct value (0x20068FFF)
Thu Mar 28 20:42:31 2024 : [INF] ############## Executing linker command ##############
Thu Mar 28 20:42:31 2024 : [INF] C:/Users/89336/STM32CubeIDE/workspace_1.13.1/STM32CubeExpansion_Cloud_AWS_H5_V1.0.0/Projects/STM32H573I-DK/ROT_Provisioning/../../../Utilities/PC_Software/ROT_AppliConfig//AppliCfg.py linker -xml C:/Users/89336/STM32CubeIDE/workspace_1.13.1/STM32CubeExpansion_Cloud_AWS_H5_V1.0.0/Projects/STM32H573I-DK/ROT_Provisioning/SM/Config/SM_Config_General.xml -nxml NS reserved area offset -n RESERVED_AREA_OFFSET C:/Users/89336/STM32CubeIDE/workspace_1.13.1/STM32CubeExpansion_Cloud_AWS_H5_V1.0.0/Projects/STM32H573I-DK/aws_ri_tz/STM32CubeIDE/STM32H573IIKXQ_FLASH.ld --vb
Thu Mar 28 20:42:31 2024 : [INF] Opening the 'C:/Users/89336/STM32CubeIDE/workspace_1.13.1/STM32CubeExpansion_Cloud_AWS_H5_V1.0.0/Projects/STM32H573I-DK/ROT_Provisioning/SM/Config/SM_Config_General.xml' file
Thu Mar 28 20:42:31 2024 : [INF] Searching the parameter with <Name>NS reserved area offset</Name>
Thu Mar 28 20:42:31 2024 : [INF] Parameter found. Extracting information from '<Value>0x80</Value>'
Thu Mar 28 20:42:31 2024 : [INF] The content recovered is '0x80'
Thu Mar 28 20:42:31 2024 : [INF] Value to be used 0x80
Thu Mar 28 20:42:31 2024 : [INF] File to update 'C:/Users/89336/STM32CubeIDE/workspace_1.13.1/STM32CubeExpansion_Cloud_AWS_H5_V1.0.0/Projects/STM32H573I-DK/aws_ri_tz/STM32CubeIDE/STM32H573IIKXQ_FLASH.ld'
Thu Mar 28 20:42:31 2024 : [INF] Linker variable "RESERVED_AREA_OFFSET" will be updated with value "0x80"
Thu Mar 28 20:42:31 2024 : [INF] The modification is not necessary
Thu Mar 28 20:42:31 2024 : [INF] The variable has already the correct value (0x80)
Thu Mar 28 20:42:31 2024 : [INF] ############## Executing linker command ##############
Thu Mar 28 20:42:31 2024 : [INF] C:/Users/89336/STM32CubeIDE/workspace_1.13.1/STM32CubeExpansion_Cloud_AWS_H5_V1.0.0/Projects/STM32H573I-DK/ROT_Provisioning/../../../Utilities/PC_Software/ROT_AppliConfig//AppliCfg.py linker -xml C:/Users/89336/STM32CubeIDE/workspace_1.13.1/STM32CubeExpansion_Cloud_AWS_H5_V1.0.0/Projects/STM32H573I-DK/ROT_Provisioning/SM/Config/SM_Config_General.xml -nxml NS reserved area size -n RESERVED_AREA_SIZE C:/Users/89336/STM32CubeIDE/workspace_1.13.1/STM32CubeExpansion_Cloud_AWS_H5_V1.0.0/Projects/STM32H573I-DK/aws_ri_tz/STM32CubeIDE/STM32H573IIKXQ_FLASH.ld --vb
Thu Mar 28 20:42:31 2024 : [INF] Opening the 'C:/Users/89336/STM32CubeIDE/workspace_1.13.1/STM32CubeExpansion_Cloud_AWS_H5_V1.0.0/Projects/STM32H573I-DK/ROT_Provisioning/SM/Config/SM_Config_General.xml' file
Thu Mar 28 20:42:31 2024 : [INF] Searching the parameter with <Name>NS reserved area size</Name>
Thu Mar 28 20:42:31 2024 : [INF] Parameter found. Extracting information from '<Value>0x00</Value>'
Thu Mar 28 20:42:31 2024 : [INF] The content recovered is '0x00'
Thu Mar 28 20:42:31 2024 : [INF] Value to be used 0x00
Thu Mar 28 20:42:31 2024 : [INF] File to update 'C:/Users/89336/STM32CubeIDE/workspace_1.13.1/STM32CubeExpansion_Cloud_AWS_H5_V1.0.0/Projects/STM32H573I-DK/aws_ri_tz/STM32CubeIDE/STM32H573IIKXQ_FLASH.ld'
Thu Mar 28 20:42:31 2024 : [INF] Linker variable "RESERVED_AREA_SIZE" will be updated with value "0x00"
Thu Mar 28 20:42:31 2024 : [INF] The modification is not necessary
Thu Mar 28 20:42:31 2024 : [INF] The variable has already the correct value (0x00)
copy xml files to project
update_nsapp_setup script success
